[2026-03-25 18:51:40] [INFO] [src.infrastructure.logger] ============================================================
[2026-03-25 18:51:40] [INFO] [src.infrastructure.logger] Crypto Signal Monitor - Starting
[2026-03-25 18:51:40] [INFO] [src.infrastructure.logger] ============================================================
[2026-03-25 18:51:40] [INFO] [src.infrastructure.logger] Phase 1: Loading configuration...
[2026-03-25 18:51:40] [INFO] [src.infrastructure.logger] Core configuration loaded from /Users/jiangwei/Documents/final/config/core.yaml
[2026-03-25 18:51:40] [INFO] [src.infrastructure.logger] User configuration loaded from /Users/jiangwei/Documents/final/config/user.yaml
[2026-03-25 18:51:40] [INFO] [src.infrastructure.logger] Merged symbol list: 4 symbols
[2026-03-25 18:51:40] [INFO] [src.infrastructure.logger] ============================================================
[2026-03-25 18:51:40] [INFO] [src.infrastructure.logger] EFFECTIVE CONFIGURATION (Startup)
[2026-03-25 18:51:40] [INFO] [src.infrastructure.logger] ============================================================
[2026-03-25 18:51:40] [INFO] [src.infrastructure.logger] Exchange: binance
[2026-03-25 18:51:40] [INFO] [src.infrastructure.logger] API Key: zsJT****iDS8
[2026-03-25 18:51:40] [INFO] [src.infrastructure.logger] Testnet: False
[2026-03-25 18:51:40] [INFO] [src.infrastructure.logger] Monitoring 4 symbols:
[2026-03-25 18:51:40] [INFO] [src.infrastructure.logger]   - BTC/USDT:USDT
[2026-03-25 18:51:40] [INFO] [src.infrastructure.logger]   - ETH/USDT:USDT
[2026-03-25 18:51:40] [INFO] [src.infrastructure.logger]   - SOL/USDT:USDT
[2026-03-25 18:51:40] [INFO] [src.infrastructure.logger]   - BNB/USDT:USDT
[2026-03-25 18:51:40] [INFO] [src.infrastructure.logger] Timeframes: 1h, 4h, 1d, 1w
[2026-03-25 18:51:40] [INFO] [src.infrastructure.logger] Active Strategies (1):
[2026-03-25 18:51:40] [INFO] [src.infrastructure.logger]   - 策略 1: ENABLED (filters: mtf)
[2026-03-25 18:51:40] [INFO] [src.infrastructure.logger] Risk Settings:
[2026-03-25 18:51:40] [INFO] [src.infrastructure.logger]   - Max Loss per Trade: 2.0%
[2026-03-25 18:51:40] [INFO] [src.infrastructure.logger]   - Max Leverage: 10x
[2026-03-25 18:51:40] [INFO] [src.infrastructure.logger] Notification Channels:
[2026-03-25 18:51:40] [INFO] [src.infrastructure.logger]   - feishu: http****ef04
[2026-03-25 18:51:40] [INFO] [src.infrastructure.logger] Core Settings:
[2026-03-25 18:51:40] [INFO] [src.infrastructure.logger]   - EMA Period: 60
[2026-03-25 18:51:40] [INFO] [src.infrastructure.logger]   - Warmup Bars: 100
[2026-03-25 18:51:40] [INFO] [src.infrastructure.logger]   - Signal Cooldown: 14400s
[2026-03-25 18:51:40] [INFO] [src.infrastructure.logger]   - Pinbar Min Wick: 0.6
[2026-03-25 18:51:40] [INFO] [src.infrastructure.logger]   - Pinbar Max Body: 0.3
[2026-03-25 18:51:40] [INFO] [src.infrastructure.logger]   - Pinbar Body Tolerance: 0.3
[2026-03-25 18:51:40] [INFO] [src.infrastructure.logger] ============================================================
[2026-03-25 18:51:40] [INFO] [src.infrastructure.logger] Configuration loaded successfully
[2026-03-25 18:51:40] [INFO] [src.infrastructure.logger] Phase 1.5: Initializing signal database...
[2026-03-25 18:51:40] [INFO] [src.infrastructure.logger] Signal database initialized
[2026-03-25 18:51:40] [INFO] [src.infrastructure.logger] Phase 2: Setting up notification channels...
[2026-03-25 18:51:40] [INFO] [src.infrastructure.logger] Added notification channel: FeishuWebhook
[2026-03-25 18:51:40] [INFO] [src.infrastructure.logger] Notification channels ready: 1
[2026-03-25 18:51:40] [INFO] [src.infrastructure.logger] Phase 3: Initializing exchange gateway...
[2026-03-25 18:51:42] [INFO] [src.infrastructure.logger] Exchange binance initialized successfully
[2026-03-25 18:51:42] [INFO] [src.infrastructure.logger] Available symbols: 4282
[2026-03-25 18:51:42] [INFO] [src.infrastructure.logger] Exchange gateway initialized
[2026-03-25 18:51:42] [INFO] [src.infrastructure.logger] Phase 3.5: Checking API key permissions...
[2026-03-25 18:51:42] [WARNING] [src.infrastructure.logger] API Key 读写权限探测已被强行跳过。用户需自行保证该 Key 仅拥有只读与合约权限，发生资产意外操作责任自负！
[2026-03-25 18:51:42] [INFO] [src.infrastructure.logger] API key permission check passed
[2026-03-25 18:51:42] [INFO] [src.infrastructure.logger] Phase 4: Creating signal pipeline...
[2026-03-25 18:51:42] [INFO] [src.infrastructure.logger] Attempt flush worker started
[2026-03-25 18:51:42] [INFO] [src.infrastructure.logger] Observer added. Total observers: 1
[2026-03-25 18:51:42] [INFO] [src.infrastructure.logger] Signal pipeline ready
[2026-03-25 18:51:42] [INFO] [src.infrastructure.logger] Phase 5: Warming up historical data...
[2026-03-25 18:51:44] [INFO] [src.infrastructure.logger] Warmup complete: 16/16 symbol/timeframe pairs loaded
[2026-03-25 18:51:44] [INFO] [src.infrastructure.logger] Historical data fed to pipeline for EMA warmup
[2026-03-25 18:51:44] [INFO] [src.infrastructure.logger] Phase 6: Starting asset polling...
[2026-03-25 18:51:44] [INFO] [src.infrastructure.logger] Asset polling started (interval: 60s)
[2026-03-25 18:51:44] [INFO] [src.infrastructure.logger] Asset polling started
[2026-03-25 18:51:44] [INFO] [src.infrastructure.logger] Phase 7: Starting WebSocket subscriptions...
[2026-03-25 18:51:44] [INFO] [src.infrastructure.logger] ============================================================
[2026-03-25 18:51:44] [INFO] [src.infrastructure.logger] SYSTEM READY - Monitoring started
[2026-03-25 18:51:44] [INFO] [src.infrastructure.logger] ============================================================
[2026-03-25 18:51:44] [INFO] [src.infrastructure.logger] Phase 7.5: Starting REST API server on port 8000...
[2026-03-25 18:51:44] [INFO] [src.infrastructure.logger] REST API server started at http://localhost:8000
[2026-03-25 18:51:47] [INFO] [src.infrastructure.logger] Subscribing to BTC/USDT:USDT 1h
[2026-03-25 18:51:47] [INFO] [src.infrastructure.logger] Subscribing to BTC/USDT:USDT 4h
[2026-03-25 18:51:47] [INFO] [src.infrastructure.logger] Subscribing to BTC/USDT:USDT 1d
[2026-03-25 18:51:47] [INFO] [src.infrastructure.logger] Subscribing to BTC/USDT:USDT 1w
[2026-03-25 18:51:47] [INFO] [src.infrastructure.logger] Subscribing to ETH/USDT:USDT 1h
[2026-03-25 18:51:47] [INFO] [src.infrastructure.logger] Subscribing to ETH/USDT:USDT 4h
[2026-03-25 18:51:47] [INFO] [src.infrastructure.logger] Subscribing to ETH/USDT:USDT 1d
[2026-03-25 18:51:47] [INFO] [src.infrastructure.logger] Subscribing to ETH/USDT:USDT 1w
[2026-03-25 18:51:47] [INFO] [src.infrastructure.logger] Subscribing to SOL/USDT:USDT 1h
[2026-03-25 18:51:47] [INFO] [src.infrastructure.logger] Subscribing to SOL/USDT:USDT 4h
[2026-03-25 18:51:47] [INFO] [src.infrastructure.logger] Subscribing to SOL/USDT:USDT 1d
[2026-03-25 18:51:47] [INFO] [src.infrastructure.logger] Subscribing to SOL/USDT:USDT 1w
[2026-03-25 18:51:47] [INFO] [src.infrastructure.logger] Subscribing to BNB/USDT:USDT 1h
[2026-03-25 18:51:47] [INFO] [src.infrastructure.logger] Subscribing to BNB/USDT:USDT 4h
[2026-03-25 18:51:47] [INFO] [src.infrastructure.logger] Subscribing to BNB/USDT:USDT 1d
[2026-03-25 18:51:47] [INFO] [src.infrastructure.logger] Subscribing to BNB/USDT:USDT 1w
[2026-03-25 19:00:00] [ERROR] [src.infrastructure.logger] Error processing K-line: DynamicStrategyRunner.run_all() missing 1 required positional argument: 'higher_tf_trends'
[2026-03-25 19:00:00] [ERROR] [src.infrastructure.logger] Error processing K-line: DynamicStrategyRunner.run_all() missing 1 required positional argument: 'higher_tf_trends'
[2026-03-25 19:00:00] [ERROR] [src.infrastructure.logger] Error processing K-line: DynamicStrategyRunner.run_all() missing 1 required positional argument: 'higher_tf_trends'
[2026-03-25 19:00:00] [ERROR] [src.infrastructure.logger] Error processing K-line: DynamicStrategyRunner.run_all() missing 1 required positional argument: 'higher_tf_trends'
